<?xml version="1.0" encoding="UTF-8"?>
<coverage generated="1647793631456" clover="3.2.0">
  <project timestamp="1647793631456" name="All files">
    <metrics statements="55" coveredstatements="42" conditionals="20" coveredconditionals="20" methods="16" coveredmethods="9" elements="91" coveredelements="71" complexity="0" loc="55" ncloc="55" packages="2" files="6" classes="6"/>
    <package name="server">
      <metrics statements="43" coveredstatements="35" conditionals="20" coveredconditionals="20" methods="9" coveredmethods="5"/>
      <file name="config.js" path="/home/nem/Área de Trabalho/semanajsexpert-spotify-template-cb7adb0b92181dc12343ee60540b79e176783165/server/config.js">
        <metrics statements="4" coveredstatements="4" conditionals="2" coveredconditionals="2" methods="0" coveredmethods="0"/>
        <line num="3" count="1" type="stmt"/>
        <line num="4" count="1" type="stmt"/>
        <line num="5" count="1" type="stmt"/>
        <line num="6" count="1" type="stmt"/>
      </file>
      <file name="controller.js" path="/home/nem/Área de Trabalho/semanajsexpert-spotify-template-cb7adb0b92181dc12343ee60540b79e176783165/server/controller.js">
        <metrics statements="2" coveredstatements="1" conditionals="0" coveredconditionals="0" methods="2" coveredmethods="1"/>
        <line num="5" count="1" type="stmt"/>
        <line num="9" count="0" type="stmt"/>
      </file>
      <file name="routes.js" path="/home/nem/Área de Trabalho/semanajsexpert-spotify-template-cb7adb0b92181dc12343ee60540b79e176783165/server/routes.js">
        <metrics statements="27" coveredstatements="27" conditionals="18" coveredconditionals="18" methods="4" coveredmethods="4"/>
        <line num="17" count="1" type="stmt"/>
        <line num="18" count="1" type="stmt"/>
        <line num="23" count="8" type="stmt"/>
        <line num="25" count="8" type="cond" truecount="4" falsecount="0"/>
        <line num="26" count="1" type="stmt"/>
        <line num="30" count="1" type="stmt"/>
        <line num="33" count="7" type="cond" truecount="4" falsecount="0"/>
        <line num="36" count="1" type="stmt"/>
        <line num="42" count="1" type="stmt"/>
        <line num="45" count="6" type="cond" truecount="4" falsecount="0"/>
        <line num="48" count="1" type="stmt"/>
        <line num="55" count="1" type="stmt"/>
        <line num="60" count="5" type="cond" truecount="2" falsecount="0"/>
        <line num="64" count="4" type="stmt"/>
        <line num="65" count="2" type="stmt"/>
        <line num="66" count="2" type="cond" truecount="2" falsecount="0"/>
        <line num="67" count="1" type="stmt"/>
        <line num="72" count="2" type="stmt"/>
        <line num="76" count="1" type="stmt"/>
        <line num="77" count="1" type="stmt"/>
        <line num="81" count="2" type="cond" truecount="2" falsecount="0"/>
        <line num="82" count="1" type="stmt"/>
        <line num="83" count="1" type="stmt"/>
        <line num="84" count="1" type="stmt"/>
        <line num="87" count="1" type="stmt"/>
        <line num="92" count="8" type="stmt"/>
        <line num="93" count="2" type="stmt"/>
      </file>
      <file name="service.js" path="/home/nem/Área de Trabalho/semanajsexpert-spotify-template-cb7adb0b92181dc12343ee60540b79e176783165/server/service.js">
        <metrics statements="8" coveredstatements="1" conditionals="0" coveredconditionals="0" methods="3" coveredmethods="0"/>
        <line num="13" count="1" type="stmt"/>
        <line num="16" count="0" type="stmt"/>
        <line num="21" count="0" type="stmt"/>
        <line num="23" count="0" type="stmt"/>
        <line num="24" count="0" type="stmt"/>
        <line num="25" count="0" type="stmt"/>
        <line num="35" count="0" type="stmt"/>
        <line num="36" count="0" type="stmt"/>
      </file>
      <file name="util.js" path="/home/nem/Área de Trabalho/semanajsexpert-spotify-template-cb7adb0b92181dc12343ee60540b79e176783165/server/util.js">
        <metrics statements="2" coveredstatements="2" conditionals="0" coveredconditionals="0" methods="0" coveredmethods="0"/>
        <line num="3" count="1" type="stmt"/>
        <line num="14" count="1" type="stmt"/>
      </file>
    </package>
    <package name="tests.unit._util">
      <metrics statements="12" coveredstatements="7" conditionals="0" coveredconditionals="0" methods="7" coveredmethods="4"/>
      <file name="testUtil.js" path="/home/nem/Área de Trabalho/semanajsexpert-spotify-template-cb7adb0b92181dc12343ee60540b79e176783165/tests/unit/_util/testUtil.js">
        <metrics statements="12" coveredstatements="7" conditionals="0" coveredconditionals="0" methods="7" coveredmethods="4"/>
        <line num="12" count="12" type="stmt"/>
        <line num="14" count="0" type="stmt"/>
        <line num="15" count="0" type="stmt"/>
        <line num="18" count="0" type="stmt"/>
        <line num="24" count="8" type="stmt"/>
        <line num="26" count="0" type="stmt"/>
        <line num="28" count="0" type="stmt"/>
        <line num="34" count="8" type="stmt"/>
        <line num="35" count="8" type="stmt"/>
        <line num="36" count="8" type="stmt"/>
        <line num="48" count="8" type="stmt"/>
        <line num="49" count="8" type="stmt"/>
      </file>
    </package>
  </project>
</coverage>
