{"/home/nem/Área de Trabalho/semanajsexpert-spotify-template-cb7adb0b92181dc12343ee60540b79e176783165/server/config.js": {"path":"/home/nem/Área de Trabalho/semanajsexpert-spotify-template-cb7adb0b92181dc12343ee60540b79e176783165/server/config.js","statementMap":{"0":{"start":{"line":3,"column":19},"end":{"line":3,"column":58}},"1":{"start":{"line":4,"column":13},"end":{"line":4,"column":37}},"2":{"start":{"line":5,"column":23},"end":{"line":5,"column":43}},"3":{"start":{"line":6,"column":24},"end":{"line":6,"column":45}}},"fnMap":{},"branchMap":{"0":{"loc":{"start":{"line":9,"column":8},"end":{"line":9,"column":32}},"type":"binary-expr","locations":[{"start":{"line":9,"column":8},"end":{"line":9,"column":24}},{"start":{"line":9,"column":28},"end":{"line":9,"column":32}}],"line":9}},"s":{"0":1,"1":1,"2":1,"3":1},"f":{},"b":{"0":[1,1]},"_coverageSchema":"1a1c01bbd47fc00a2c39e90264f33305004495a9","hash":"b5bf5c98f14eae6f40562cbbece14e2f56c9bb5c"}
,"/home/nem/Área de Trabalho/semanajsexpert-spotify-template-cb7adb0b92181dc12343ee60540b79e176783165/server/controller.js": {"path":"/home/nem/Área de Trabalho/semanajsexpert-spotify-template-cb7adb0b92181dc12343ee60540b79e176783165/server/controller.js","statementMap":{"0":{"start":{"line":5,"column":4},"end":{"line":5,"column":32}},"1":{"start":{"line":9,"column":4},"end":{"line":9,"column":47}}},"fnMap":{"0":{"name":"(anonymous_0)","decl":{"start":{"line":4,"column":2},"end":{"line":4,"column":3}},"loc":{"start":{"line":4,"column":16},"end":{"line":6,"column":3}},"line":4},"1":{"name":"(anonymous_1)","decl":{"start":{"line":8,"column":2},"end":{"line":8,"column":3}},"loc":{"start":{"line":8,"column":32},"end":{"line":10,"column":3}},"line":8}},"branchMap":{},"s":{"0":1,"1":0},"f":{"0":1,"1":0},"b":{},"_coverageSchema":"1a1c01bbd47fc00a2c39e90264f33305004495a9","hash":"003fd60bba9e0688b136e0e2aa346318ba53c6d0"}
,"/home/nem/Área de Trabalho/semanajsexpert-spotify-template-cb7adb0b92181dc12343ee60540b79e176783165/server/routes.js": {"path":"/home/nem/Área de Trabalho/semanajsexpert-spotify-template-cb7adb0b92181dc12343ee60540b79e176783165/server/routes.js","statementMap":{"0":{"start":{"line":17,"column":4},"end":{"line":17,"column":10}},"1":{"start":{"line":18,"column":19},"end":{"line":18,"column":35}},"2":{"start":{"line":23,"column":6},"end":{"line":23,"column":13}},"3":{"start":{"line":25,"column":2},"end":{"line":31,"column":3}},"4":{"start":{"line":26,"column":4},"end":{"line":28,"column":6}},"5":{"start":{"line":30,"column":4},"end":{"line":30,"column":25}},"6":{"start":{"line":33,"column":2},"end":{"line":43,"column":3}},"7":{"start":{"line":36,"column":8},"end":{"line":36,"column":48}},"8":{"start":{"line":42,"column":4},"end":{"line":42,"column":32}},"9":{"start":{"line":45,"column":2},"end":{"line":56,"column":3}},"10":{"start":{"line":48,"column":8},"end":{"line":48,"column":54}},"11":{"start":{"line":55,"column":4},"end":{"line":55,"column":32}},"12":{"start":{"line":60,"column":2},"end":{"line":73,"column":3}},"13":{"start":{"line":64,"column":8},"end":{"line":64,"column":43}},"14":{"start":{"line":65,"column":24},"end":{"line":65,"column":42}},"15":{"start":{"line":66,"column":4},"end":{"line":71,"column":5}},"16":{"start":{"line":67,"column":6},"end":{"line":69,"column":8}},"17":{"start":{"line":72,"column":4},"end":{"line":72,"column":32}},"18":{"start":{"line":76,"column":2},"end":{"line":76,"column":25}},"19":{"start":{"line":77,"column":2},"end":{"line":77,"column":23}},"20":{"start":{"line":81,"column":2},"end":{"line":85,"column":3}},"21":{"start":{"line":82,"column":4},"end":{"line":82,"column":50}},"22":{"start":{"line":83,"column":4},"end":{"line":83,"column":27}},"23":{"start":{"line":84,"column":4},"end":{"line":84,"column":25}},"24":{"start":{"line":87,"column":2},"end":{"line":87,"column":52}},"25":{"start":{"line":92,"column":2},"end":{"line":93,"column":49}},"26":{"start":{"line":93,"column":20},"end":{"line":93,"column":48}}},"fnMap":{"0":{"name":"routes","decl":{"start":{"line":19,"column":15},"end":{"line":19,"column":21}},"loc":{"start":{"line":19,"column":41},"end":{"line":79,"column":1}},"line":19},"1":{"name":"handleError","decl":{"start":{"line":80,"column":9},"end":{"line":80,"column":20}},"loc":{"start":{"line":80,"column":37},"end":{"line":88,"column":1}},"line":80},"2":{"name":"handler","decl":{"start":{"line":90,"column":16},"end":{"line":90,"column":23}},"loc":{"start":{"line":90,"column":43},"end":{"line":94,"column":1}},"line":90},"3":{"name":"(anonymous_3)","decl":{"start":{"line":93,"column":11},"end":{"line":93,"column":12}},"loc":{"start":{"line":93,"column":20},"end":{"line":93,"column":48}},"line":93}},"branchMap":{"0":{"loc":{"start":{"line":25,"column":2},"end":{"line":31,"column":3}},"type":"if","locations":[{"start":{"line":25,"column":2},"end":{"line":31,"column":3}},{"start":{},"end":{}}],"line":25},"1":{"loc":{"start":{"line":25,"column":6},"end":{"line":25,"column":37}},"type":"binary-expr","locations":[{"start":{"line":25,"column":6},"end":{"line":25,"column":22}},{"start":{"line":25,"column":26},"end":{"line":25,"column":37}}],"line":25},"2":{"loc":{"start":{"line":33,"column":2},"end":{"line":43,"column":3}},"type":"if","locations":[{"start":{"line":33,"column":2},"end":{"line":43,"column":3}},{"start":{},"end":{}}],"line":33},"3":{"loc":{"start":{"line":33,"column":6},"end":{"line":33,"column":41}},"type":"binary-expr","locations":[{"start":{"line":33,"column":6},"end":{"line":33,"column":22}},{"start":{"line":33,"column":26},"end":{"line":33,"column":41}}],"line":33},"4":{"loc":{"start":{"line":45,"column":2},"end":{"line":56,"column":3}},"type":"if","locations":[{"start":{"line":45,"column":2},"end":{"line":56,"column":3}},{"start":{},"end":{}}],"line":45},"5":{"loc":{"start":{"line":45,"column":6},"end":{"line":45,"column":47}},"type":"binary-expr","locations":[{"start":{"line":45,"column":6},"end":{"line":45,"column":22}},{"start":{"line":45,"column":26},"end":{"line":45,"column":47}}],"line":45},"6":{"loc":{"start":{"line":60,"column":2},"end":{"line":73,"column":3}},"type":"if","locations":[{"start":{"line":60,"column":2},"end":{"line":73,"column":3}},{"start":{},"end":{}}],"line":60},"7":{"loc":{"start":{"line":66,"column":4},"end":{"line":71,"column":5}},"type":"if","locations":[{"start":{"line":66,"column":4},"end":{"line":71,"column":5}},{"start":{},"end":{}}],"line":66},"8":{"loc":{"start":{"line":81,"column":2},"end":{"line":85,"column":3}},"type":"if","locations":[{"start":{"line":81,"column":2},"end":{"line":85,"column":3}},{"start":{},"end":{}}],"line":81}},"s":{"0":1,"1":1,"2":8,"3":8,"4":1,"5":1,"6":7,"7":1,"8":1,"9":6,"10":1,"11":1,"12":5,"13":4,"14":2,"15":2,"16":1,"17":2,"18":1,"19":1,"20":2,"21":1,"22":1,"23":1,"24":1,"25":8,"26":2},"f":{"0":8,"1":2,"2":8,"3":2},"b":{"0":[1,7],"1":[8,7],"2":[1,6],"3":[7,6],"4":[1,5],"5":[6,5],"6":[4,1],"7":[1,1],"8":[1,1]},"_coverageSchema":"1a1c01bbd47fc00a2c39e90264f33305004495a9","hash":"646566aa0094209e9ef5b8cdc3c9e7f736be121f"}
,"/home/nem/Área de Trabalho/semanajsexpert-spotify-template-cb7adb0b92181dc12343ee60540b79e176783165/server/service.js": {"path":"/home/nem/Área de Trabalho/semanajsexpert-spotify-template-cb7adb0b92181dc12343ee60540b79e176783165/server/service.js","statementMap":{"0":{"start":{"line":13,"column":4},"end":{"line":13,"column":10}},"1":{"start":{"line":16,"column":4},"end":{"line":16,"column":40}},"2":{"start":{"line":21,"column":25},"end":{"line":21,"column":52}},"3":{"start":{"line":23,"column":4},"end":{"line":23,"column":41}},"4":{"start":{"line":24,"column":21},"end":{"line":24,"column":42}},"5":{"start":{"line":25,"column":4},"end":{"line":28,"column":5}},"6":{"start":{"line":35,"column":8},"end":{"line":35,"column":36}},"7":{"start":{"line":36,"column":4},"end":{"line":39,"column":5}}},"fnMap":{"0":{"name":"(anonymous_0)","decl":{"start":{"line":15,"column":2},"end":{"line":15,"column":3}},"loc":{"start":{"line":15,"column":29},"end":{"line":17,"column":3}},"line":15},"1":{"name":"(anonymous_1)","decl":{"start":{"line":19,"column":2},"end":{"line":19,"column":3}},"loc":{"start":{"line":19,"column":26},"end":{"line":29,"column":3}},"line":19},"2":{"name":"(anonymous_2)","decl":{"start":{"line":31,"column":2},"end":{"line":31,"column":3}},"loc":{"start":{"line":31,"column":28},"end":{"line":40,"column":3}},"line":31}},"branchMap":{},"s":{"0":1,"1":0,"2":0,"3":0,"4":0,"5":0,"6":0,"7":0},"f":{"0":0,"1":0,"2":0},"b":{},"_coverageSchema":"1a1c01bbd47fc00a2c39e90264f33305004495a9","hash":"c03e23343fdd6037bb9c13a31565d6fb4cae8236"}
,"/home/nem/Área de Trabalho/semanajsexpert-spotify-template-cb7adb0b92181dc12343ee60540b79e176783165/server/util.js": {"path":"/home/nem/Área de Trabalho/semanajsexpert-spotify-template-cb7adb0b92181dc12343ee60540b79e176783165/server/util.js","statementMap":{"0":{"start":{"line":3,"column":12},"end":{"line":11,"column":2}},"1":{"start":{"line":14,"column":22},"end":{"line":14,"column":25}}},"fnMap":{},"branchMap":{},"s":{"0":1,"1":1},"f":{},"b":{},"_coverageSchema":"1a1c01bbd47fc00a2c39e90264f33305004495a9","hash":"c60f59131909a00f7b6824e665f60698fb44c63c"}
,"/home/nem/Área de Trabalho/semanajsexpert-spotify-template-cb7adb0b92181dc12343ee60540b79e176783165/tests/unit/_util/testUtil.js": {"path":"/home/nem/Área de Trabalho/semanajsexpert-spotify-template-cb7adb0b92181dc12343ee60540b79e176783165/tests/unit/_util/testUtil.js","statementMap":{"0":{"start":{"line":12,"column":6},"end":{"line":20,"column":8}},"1":{"start":{"line":14,"column":10},"end":{"line":16,"column":11}},"2":{"start":{"line":15,"column":12},"end":{"line":15,"column":27}},"3":{"start":{"line":18,"column":10},"end":{"line":18,"column":25}},"4":{"start":{"line":24,"column":6},"end":{"line":30,"column":8}},"5":{"start":{"line":26,"column":10},"end":{"line":26,"column":23}},"6":{"start":{"line":28,"column":10},"end":{"line":28,"column":25}},"7":{"start":{"line":34,"column":28},"end":{"line":34,"column":83}},"8":{"start":{"line":35,"column":23},"end":{"line":35,"column":64}},"9":{"start":{"line":36,"column":19},"end":{"line":46,"column":7}},"10":{"start":{"line":48,"column":6},"end":{"line":51,"column":7}},"11":{"start":{"line":49,"column":22},"end":{"line":49,"column":41}}},"fnMap":{"0":{"name":"(anonymous_0)","decl":{"start":{"line":11,"column":4},"end":{"line":11,"column":5}},"loc":{"start":{"line":11,"column":40},"end":{"line":21,"column":5}},"line":11},"1":{"name":"(anonymous_1)","decl":{"start":{"line":13,"column":8},"end":{"line":13,"column":9}},"loc":{"start":{"line":13,"column":15},"end":{"line":19,"column":9}},"line":13},"2":{"name":"(anonymous_2)","decl":{"start":{"line":23,"column":4},"end":{"line":23,"column":5}},"loc":{"start":{"line":23,"column":42},"end":{"line":31,"column":5}},"line":23},"3":{"name":"(anonymous_3)","decl":{"start":{"line":25,"column":8},"end":{"line":25,"column":9}},"loc":{"start":{"line":25,"column":30},"end":{"line":29,"column":9}},"line":25},"4":{"name":"(anonymous_4)","decl":{"start":{"line":33,"column":4},"end":{"line":33,"column":5}},"loc":{"start":{"line":33,"column":33},"end":{"line":52,"column":5}},"line":33},"5":{"name":"(anonymous_5)","decl":{"start":{"line":35,"column":55},"end":{"line":35,"column":56}},"loc":{"start":{"line":35,"column":61},"end":{"line":35,"column":63}},"line":35},"6":{"name":"(anonymous_6)","decl":{"start":{"line":49,"column":16},"end":{"line":49,"column":17}},"loc":{"start":{"line":49,"column":22},"end":{"line":49,"column":41}},"line":49}},"branchMap":{},"s":{"0":12,"1":0,"2":0,"3":0,"4":8,"5":0,"6":0,"7":8,"8":8,"9":8,"10":8,"11":8},"f":{"0":12,"1":0,"2":8,"3":0,"4":8,"5":0,"6":8},"b":{},"_coverageSchema":"1a1c01bbd47fc00a2c39e90264f33305004495a9","hash":"a183d7f49c58bdd3368757e6fa91d5fdbce9c786"}
}
