TN:
SF:server/config.js
FNF:0
FNH:0
DA:3,1
DA:4,1
DA:5,1
DA:6,1
LF:4
LH:4
BRDA:9,0,0,1
BRDA:9,0,1,1
BRF:2
BRH:2
end_of_record
TN:
SF:server/controller.js
FN:4,(anonymous_0)
FN:8,(anonymous_1)
FNF:2
FNH:1
FNDA:1,(anonymous_0)
FNDA:0,(anonymous_1)
DA:5,1
DA:9,0
LF:2
LH:1
BRF:0
BRH:0
end_of_record
TN:
SF:server/routes.js
FN:19,routes
FN:80,handleError
FN:90,handler
FN:93,(anonymous_3)
FNF:4
FNH:4
FNDA:8,routes
FNDA:2,handleError
FNDA:8,handler
FNDA:2,(anonymous_3)
DA:17,1
DA:18,1
DA:23,8
DA:25,8
DA:26,1
DA:30,1
DA:33,7
DA:36,1
DA:42,1
DA:45,6
DA:48,1
DA:55,1
DA:60,5
DA:64,4
DA:65,2
DA:66,2
DA:67,1
DA:72,2
DA:76,1
DA:77,1
DA:81,2
DA:82,1
DA:83,1
DA:84,1
DA:87,1
DA:92,8
DA:93,2
LF:27
LH:27
BRDA:25,0,0,1
BRDA:25,0,1,7
BRDA:25,1,0,8
BRDA:25,1,1,7
BRDA:33,2,0,1
BRDA:33,2,1,6
BRDA:33,3,0,7
BRDA:33,3,1,6
BRDA:45,4,0,1
BRDA:45,4,1,5
BRDA:45,5,0,6
BRDA:45,5,1,5
BRDA:60,6,0,4
BRDA:60,6,1,1
BRDA:66,7,0,1
BRDA:66,7,1,1
BRDA:81,8,0,1
BRDA:81,8,1,1
BRF:18
BRH:18
end_of_record
TN:
SF:server/service.js
FN:15,(anonymous_0)
FN:19,(anonymous_1)
FN:31,(anonymous_2)
FNF:3
FNH:0
FNDA:0,(anonymous_0)
FNDA:0,(anonymous_1)
FNDA:0,(anonymous_2)
DA:13,1
DA:16,0
DA:21,0
DA:23,0
DA:24,0
DA:25,0
DA:35,0
DA:36,0
LF:8
LH:1
BRF:0
BRH:0
end_of_record
TN:
SF:server/util.js
FNF:0
FNH:0
DA:3,1
DA:14,1
LF:2
LH:2
BRF:0
BRH:0
end_of_record
TN:
SF:tests/unit/_util/testUtil.js
FN:11,(anonymous_0)
FN:13,(anonymous_1)
FN:23,(anonymous_2)
FN:25,(anonymous_3)
FN:33,(anonymous_4)
FN:35,(anonymous_5)
FN:49,(anonymous_6)
FNF:7
FNH:4
FNDA:12,(anonymous_0)
FNDA:0,(anonymous_1)
FNDA:8,(anonymous_2)
FNDA:0,(anonymous_3)
FNDA:8,(anonymous_4)
FNDA:0,(anonymous_5)
FNDA:8,(anonymous_6)
DA:12,12
DA:14,0
DA:15,0
DA:18,0
DA:24,8
DA:26,0
DA:28,0
DA:34,8
DA:35,8
DA:36,8
DA:48,8
DA:49,8
LF:12
LH:7
BRF:0
BRH:0
end_of_record
